SF:lib\src\models\mp_analytics_user.dart
DA:11,1
DA:18,1
DA:19,1
DA:20,4
DA:21,4
DA:26,1
DA:27,1
DA:31,1
DA:32,1
DA:36,1
DA:37,3
DA:43,1
DA:44,2
LF:13
LH:13
end_of_record
SF:lib\src\models\mp_analytics_options.dart
DA:14,0
LF:1
LH:0
end_of_record
SF:lib\src\models\mp_analytics_options_mobile.dart
DA:6,0
DA:21,0
DA:22,0
DA:23,0
DA:26,0
DA:27,0
DA:28,0
DA:29,0
LF:8
LH:0
end_of_record
SF:lib\src\models\mp_analytics_options_web.dart
DA:6,0
DA:21,0
DA:22,0
DA:23,0
DA:24,0
DA:27,0
DA:28,0
DA:29,0
LF:8
LH:0
end_of_record
SF:lib\src\mp_analytics.dart
DA:37,1
DA:47,1
DA:87,1
DA:92,1
DA:94,1
DA:95,1
DA:99,1
DA:100,1
DA:101,1
DA:102,1
DA:103,2
DA:105,1
DA:108,1
DA:109,1
DA:110,0
DA:113,1
DA:114,2
DA:115,1
DA:116,1
DA:117,0
DA:118,0
DA:121,1
DA:128,1
DA:129,1
DA:130,2
DA:133,2
DA:134,2
DA:139,1
DA:140,1
DA:141,1
DA:144,2
DA:145,1
DA:152,1
DA:153,1
DA:154,1
DA:155,1
DA:159,2
DA:160,2
DA:165,1
DA:166,1
DA:167,2
DA:170,2
DA:171,2
DA:182,1
DA:186,1
DA:187,2
DA:191,1
DA:192,3
DA:195,1
DA:197,1
DA:200,1
DA:201,2
DA:202,1
DA:203,1
DA:207,1
DA:208,2
DA:209,2
DA:210,2
DA:213,1
DA:215,2
DA:216,3
DA:217,2
DA:220,1
DA:221,1
DA:222,2
LF:65
LH:62
end_of_record
SF:lib\src\mp_analytics_client.dart
DA:12,2
DA:16,2
DA:27,2
DA:31,4
DA:32,2
DA:34,4
DA:38,2
DA:41,6
DA:60,2
DA:65,1
DA:68,4
DA:69,2
DA:75,1
DA:76,2
DA:77,1
LF:15
LH:15
end_of_record
SF:lib\src\services\default_metadata_service.dart
DA:10,5
DA:16,2
DA:18,1
DA:20,1
DA:22,2
DA:23,1
DA:24,1
DA:25,1
DA:28,2
DA:29,2
DA:30,2
DA:35,1
DA:36,2
DA:39,1
DA:40,3
DA:43,1
DA:44,2
LF:17
LH:17
end_of_record
SF:lib\src\services\metadata_service.dart
DA:7,5
LF:1
LH:1
end_of_record
